<?xml version="1.0" encoding="UTF-8"?>
<!-- Generated by org.testng.reporters.JUnitReportReporter -->
<testsuite skipped="0" hostname="DESKTOP-OURGDUI" name="RestAssuredAutomation.RestAssuredAutomation.TC001_API" tests="1" failures="0" timestamp="17 Sep 2021 02:12:31 GMT" time="3.874" errors="0">
  <testcase name="getpeopleDetails" time="3.874" classname="RestAssuredAutomation.RestAssuredAutomation.TC001_API"/>
</testsuite> <!-- RestAssuredAutomation.RestAssuredAutomation.TC001_API -->
