<?xml version="1.0" encoding="UTF-8"?>
<!-- Generated by org.testng.reporters.JUnitReportReporter -->
<testsuite skipped="0" hostname="DESKTOP-OURGDUI" name="RestAssuredAutomation.RestAssuredAutomation.TC002_GetPeople" tests="1" failures="0" timestamp="17 Sep 2021 02:06:38 GMT" time="65.323" errors="0">
  <testcase name="getpeopleDetails" time="65.323" classname="RestAssuredAutomation.RestAssuredAutomation.TC002_GetPeople"/>
</testsuite> <!-- RestAssuredAutomation.RestAssuredAutomation.TC002_GetPeople -->
