<?xml version="1.0" encoding="UTF-8"?>
<!-- Generated by org.testng.reporters.JUnitReportReporter -->
<testsuite skipped="0" hostname="DESKTOP-OURGDUI" name="RestAssuredAutomation.RestAssuredAutomation.TC001_API2" tests="1" failures="0" timestamp="17 Sep 2021 02:45:17 GMT" time="76.019" errors="0">
  <testcase name="getpeopleDetails" time="76.019" classname="RestAssuredAutomation.RestAssuredAutomation.TC001_API2"/>
</testsuite> <!-- RestAssuredAutomation.RestAssuredAutomation.TC001_API2 -->
